<?xml version="1.0" encoding="UTF-8"?>
<!-- Generated by org.testng.reporters.JUnitReportReporter -->
<testsuite hostname="BLRL-DL95S73" failures="0" tests="2" name="com.sg.test.LoginTest" time="17.331" errors="0" timestamp="2021-08-13T17:27:15 IST" skipped="0">
  <testcase classname="com.sg.test.LoginTest" name="validCredentailsTest" time="9.999"/>
  <system-out/>
  <testcase classname="com.sg.test.LoginTest" name="InvalidCredentailsTest" time="7.332"/>
  <system-out/>
</testsuite> <!-- com.sg.test.LoginTest -->
