<?xml version="1.0" encoding="UTF-8"?>
<!-- Generated by org.testng.reporters.JUnitReportReporter -->
<testsuite hostname="BLRL-DL95S73" failures="0" tests="3" name="com.sg.test.LoginTest" time="27.073" errors="0" timestamp="2021-08-14T13:07:27 IST" skipped="0">
  <testcase classname="com.sg.test.LoginTest" name="validCredentailsTest" time="10.183"/>
  <system-out/>
  <testcase classname="com.sg.test.LoginTest" name="validCredentailsTest" time="7.696"/>
  <system-out/>
  <testcase classname="com.sg.test.LoginTest" name="validCredentailsTest" time="9.194"/>
  <system-out/>
</testsuite> <!-- com.sg.test.LoginTest -->
