<?xml version="1.0" encoding="UTF-8"?>
<!-- Generated by org.testng.reporters.JUnitReportReporter -->
<testsuite hostname="BLRL-DL95S73" failures="0" tests="1" name="com.sg.test.LoginTest" time="7.862" errors="0" timestamp="2021-08-14T11:28:17 IST" skipped="0">
  <testcase classname="com.sg.test.LoginTest" name="validCredentailsTest" time="7.862"/>
  <system-out/>
</testsuite> <!-- com.sg.test.LoginTest -->
