<?xml version="1.0" encoding="UTF-8"?>
<!-- Generated by org.testng.reporters.JUnitReportReporter -->
<testsuite hostname="BLRL-DL95S73" failures="0" tests="5" name="com.sg.test.LoginTest" time="49.070" errors="0" timestamp="2021-08-14T17:20:35 IST" skipped="0">
  <testcase classname="com.sg.test.LoginTest" name="InvalidCredentailsTest" time="8.309"/>
  <system-out/>
  <testcase classname="com.sg.test.LoginTest" name="validCredentailsTest" time="12.775"/>
  <system-out/>
  <testcase classname="com.sg.test.LoginTest" name="validCredentailsTest" time="10.795"/>
  <system-out/>
  <testcase classname="com.sg.test.LoginTest" name="validCredentailsTest" time="9.423"/>
  <system-out/>
  <testcase classname="com.sg.test.LoginTest" name="InvalidCredentailsTest" time="7.768"/>
  <system-out/>
</testsuite> <!-- com.sg.test.LoginTest -->
