<?xml version="1.0" encoding="UTF-8"?>
<!-- Generated by org.testng.reporters.JUnitReportReporter -->
<testsuite hostname="BLRL-DL95S73" failures="0" tests="2" name="com.sg.test.LoginTest" time="14.728" errors="0" timestamp="2021-08-14T11:13:55 IST" skipped="0">
  <testcase classname="com.sg.test.LoginTest" name="InvalidCredentailsTest" time="6.431"/>
  <system-out/>
  <testcase classname="com.sg.test.LoginTest" name="validCredentailsTest" time="8.297"/>
  <system-out/>
</testsuite> <!-- com.sg.test.LoginTest -->
