<?xml version="1.0" encoding="UTF-8"?>
<!-- Generated by org.testng.reporters.JUnitReportReporter -->
<testsuite hostname="BLRL-DL95S73" failures="0" tests="5" name="com.sg.test.LoginTest" time="36.857" errors="0" timestamp="2021-08-14T16:36:41 IST" skipped="0">
  <testcase classname="com.sg.test.LoginTest" name="InvalidCredentailsTest" time="6.110"/>
  <system-out/>
  <testcase classname="com.sg.test.LoginTest" name="InvalidCredentailsTest" time="5.358"/>
  <system-out/>
  <testcase classname="com.sg.test.LoginTest" name="validCredentailsTest" time="9.530"/>
  <system-out/>
  <testcase classname="com.sg.test.LoginTest" name="validCredentailsTest" time="8.246"/>
  <system-out/>
  <testcase classname="com.sg.test.LoginTest" name="validCredentailsTest" time="7.613"/>
  <system-out/>
</testsuite> <!-- com.sg.test.LoginTest -->
